Removed Pin From Net: NetName=BAT1+ Pin=S1-1
Removed Pin From Net: NetName=NetARDUINO_1 Pin=S1-2
Removed Pin From Net: NetName=BAT1+ Pin=S2-1
Removed Pin From Net: NetName=NetBIGREDBEE_1 Pin=S2-2
Removed Pin From Net: NetName=BAT1+ Pin=S3-1
Removed Pin From Net: NetName=NetRAVEN_1 Pin=S3-2
Removed Pin From Net: NetName=BAT4+ Pin=S4-1
Removed Pin From Net: NetName=NetBYONICS_1 Pin=S4-2
Removed Member From Class: ClassName=lipo_board Member=S1
Removed Member From Class: ClassName=lipo_board Member=S2
Removed Member From Class: ClassName=lipo_board Member=S3
Removed Member From Class: ClassName=lipo_board Member=S4
Added Pin To Net: NetName=NetARDUINO_1 Pin=ARDUINO-2
Added Pin To Net: NetName=BAT1+ Pin=ARDUINO-3
Added Pin To Net: NetName=NetBIGREDBEE_1 Pin=BIGREDBEE-2
Added Pin To Net: NetName=BAT1+ Pin=BIGREDBEE-3
Added Pin To Net: NetName=NetBYONICS_1 Pin=BYONICS-2
Added Pin To Net: NetName=BAT4+ Pin=BYONICS-3
Added Pin To Net: NetName=NetRAVEN_1 Pin=RAVEN-2
Added Pin To Net: NetName=BAT1+ Pin=RAVEN-3
